#
# A fatal error has been detected by the Java Runtime Environment:
#
#  EXCEPTION_ACCESS_VIOLATION (0xc0000005) at pc=0x00007ffe11f22c27, pid=8984, tid=6172
#
# JRE version: OpenJDK Runtime Environment AdoptOpenJDK (11.0.8+1) (build 11.0.8+1-202007270708)
# Java VM: Dynamic Code Evolution 64-Bit Server VM AdoptOpenJDK (11.0.8+1-202007270708, mixed mode, tiered, compressed oops, serial gc, windows-amd64)
# Problematic frame:
# V  [jvm.dll+0x132c27]
#
# No core dump will be written. Minidumps are not enabled by default on client versions of Windows
#
# If you would like to submit a bug report, please visit:
#   https://github.com/AdoptOpenJDK/openjdk-build/issues
#

---------------  S U M M A R Y ------------

Command Line: -Dfile.encoding=UTF-8 com.yourcompany.facturation.run.facturation

Host: 13th Gen Intel(R) Core(TM) i9-13980HX, 32 cores, 31G,  Windows 10 , 64 bit Build 26100 (10.0.26100.7019)
Time: Wed Nov  5 19:50:09 2025 SA Pacific Standard Time elapsed time: 8885 seconds (0d 2h 28m 5s)

---------------  T H R E A D  ---------------

Current thread (0x000002493cce4800):  JavaThread "C1 CompilerThread1" daemon [_thread_in_native, id=6172, stack(0x00000061b9400000,0x00000061b9500000)]


Current CompileTask:
C1:8885635 17349       3       java.util.regex.Pattern::Single (7 bytes)

Stack: [0x00000061b9400000,0x00000061b9500000],  sp=0x00000061b94fe570,  free space=1017k
Native frames: (J=compiled Java code, j=interpreted, Vv=VM code, C=native code)
V  [jvm.dll+0x132c27]
V  [jvm.dll+0x1325f8]
V  [jvm.dll+0x129d43]
V  [jvm.dll+0x12c02d]
V  [jvm.dll+0x12a554]
V  [jvm.dll+0x123e4c]
V  [jvm.dll+0x1343aa]
V  [jvm.dll+0x11ef89]
V  [jvm.dll+0x11f2f0]
V  [jvm.dll+0x11f5af]
V  [jvm.dll+0x11e857]
V  [jvm.dll+0x120767]
V  [jvm.dll+0x20a247]
V  [jvm.dll+0x20842b]
V  [jvm.dll+0x6e59c9]
V  [jvm.dll+0x6dea74]
V  [jvm.dll+0x5e6fc6]
C  [ucrtbase.dll+0x37b0]
C  [KERNEL32.DLL+0x2e8d7]
C  [ntdll.dll+0x8c53c]


siginfo: EXCEPTION_ACCESS_VIOLATION (0xc0000005), reading address 0x0000000000000018


Register to memory mapping:

RIP=0x00007ffe11f22c27 jvm.dll
RAX=0x000002493c547f20 points into unknown readable memory: 30 73 54 3c 49 02 00 00
RBX=0x00000000ffffffff is an unknown value
RCX=0x00000061b94fe960 is pointing into the stack for thread: 0x000002493cce4800
RDX=0x000002493c547df0 points into unknown readable memory: 80 79 54 3c 49 02 00 00
RSP=0x00000061b94fe570 is pointing into the stack for thread: 0x000002493cce4800
RBP=0x0 is NULL
RSI=0x000002493c547df0 points into unknown readable memory: 80 79 54 3c 49 02 00 00
RDI=0x00000061b94fe960 is pointing into the stack for thread: 0x000002493cce4800
R8 =0x0 is NULL
R9 =0x0 is NULL
R10=0x0 is NULL
R11=0x00000061b94fe460 is pointing into the stack for thread: 0x000002493cce4800
R12=0x00000000ffffffff is an unknown value
R13=0x000002493c547770 points into unknown readable memory: 10 73 5e 12 fe 7f 00 00
R14=0x000002493c547e70 points into unknown readable memory: d0 6c 54 3c 49 02 00 00
R15=0x0 is NULL


Registers:
RAX=0x000002493c547f20, RBX=0x00000000ffffffff, RCX=0x00000061b94fe960, RDX=0x000002493c547df0
RSP=0x00000061b94fe570, RBP=0x0000000000000000, RSI=0x000002493c547df0, RDI=0x00000061b94fe960
R8 =0x0000000000000000, R9 =0x0000000000000000, R10=0x0000000000000000, R11=0x00000061b94fe460
R12=0x00000000ffffffff, R13=0x000002493c547770, R14=0x000002493c547e70, R15=0x0000000000000000
RIP=0x00007ffe11f22c27, EFLAGS=0x0000000000010246

Top of Stack: (sp=0x00000061b94fe570)
0x00000061b94fe570:   000002493c5476a0 0000000000000000
0x00000061b94fe580:   000002493f521a60 00000061b94fe960
0x00000061b94fe590:   000002493c5476a0 000002493f521701
0x00000061b94fe5a0:   000002493c547df0 000002493c546f30
0x00000061b94fe5b0:   00000061b94ff7f0 0000000000000000
0x00000061b94fe5c0:   0000000000000000 0000000000000000
0x00000061b94fe5d0:   0000000000000000 000002493f521a60
0x00000061b94fe5e0:   0000000000000000 00000061b94fe960
0x00000061b94fe5f0:   0000000000000000 00007ffe11f225f8
0x00000061b94fe600:   0000024900000000 000002493f521a60
0x00000061b94fe610:   0000000000000000 000002493cce4800
0x00000061b94fe620:   00000249000000ba 0000000000000000
0x00000061b94fe630:   000002493f521a60 00007ffe11f19d43
0x00000061b94fe640:   000002493f521a60 00000000000000ba
0x00000061b94fe650:   00000061b94fe960 00000061b94fe960
0x00000061b94fe660:   00000249000000ba 0000000000000000 

Instructions: (pc=0x00007ffe11f22c27)
0x00007ffe11f22b27:   63 c9 4c 89 2c c8 8b 53 04 44 3b fa 7c b0 44 0f
0x00007ffe11f22b37:   b6 ac 24 a0 00 00 00 45 84 ed 74 06 4c 8b 4e 28
0x00007ffe11f22b47:   eb 03 4c 8b cd 4c 8b 44 24 30 48 8b d6 c6 44 24
0x00007ffe11f22b57:   28 01 48 8b cf 48 89 5c 24 20 e8 4a c6 ff ff 48
0x00007ffe11f22b67:   8b 0f 48 8b 41 20 8b 50 38 2b 50 28 e8 d8 39 ff
0x00007ffe11f22b77:   ff 4c 8b e8 48 85 c0 75 32 b9 d0 01 00 00 e8 e6
0x00007ffe11f22b87:   1c ff ff 48 85 c0 74 1c 48 8b 0f 48 8b 51 20 8b
0x00007ffe11f22b97:   4a 38 2b 4a 28 8b d1 48 8b c8 e8 4a 04 ff ff 4c
0x00007ffe11f22ba7:   8b e8 eb 03 4c 8b ed 41 89 6d 70 41 8b 85 c0 00
0x00007ffe11f22bb7:   00 00 4d 8b c5 48 8b d6 89 84 24 90 00 00 00 48
0x00007ffe11f22bc7:   8b cf e8 12 ca ff ff 48 8b 47 08 48 83 78 68 00
0x00007ffe11f22bd7:   0f 85 bf 05 00 00 48 8b 17 41 8b dc 48 8b 02 48
0x00007ffe11f22be7:   8b 48 20 48 89 4a 20 48 8b 47 50 48 89 44 24 30
0x00007ffe11f22bf7:   4c 8b 70 08 45 3b 66 38 7d 40 48 8b f0 0f 1f 40
0x00007ffe11f22c07:   00 0f 1f 84 00 00 00 00 00 49 8b 46 50 44 8b cb
0x00007ffe11f22c17:   48 63 cb 45 2b cc 48 8b d6 4c 8b 04 c8 48 8b cf
0x00007ffe11f22c27:   49 8b 40 18 03 58 08 e8 fd ee ff ff 41 3b 5e 38
0x00007ffe11f22c37:   7c d7 48 8b b4 24 98 00 00 00 45 89 66 38 4c 8b
0x00007ffe11f22c47:   fd 8b 4e 18 4c 8b e5 8b c1 c1 e8 05 a8 01 0f 84
0x00007ffe11f22c57:   77 01 00 00 c1 e9 03 f6 c1 01 0f 84 8f 00 00 00
0x00007ffe11f22c67:   b9 60 00 00 00 e8 bf 70 fe ff 4c 8b f0 48 85 c0
0x00007ffe11f22c77:   74 5e b9 18 00 00 00 e8 5d 9a fc ff 48 8b d8 48
0x00007ffe11f22c87:   85 c0 74 39 48 8b 4e 28 48 8b 11 ff 92 88 00 00
0x00007ffe11f22c97:   00 48 8d 0d 21 0f 6c 00 c7 43 08 01 00 00 00 48
0x00007ffe11f22ca7:   89 0b 48 8b d3 49 8b ce c7 43 0c 04 00 00 00 48
0x00007ffe11f22cb7:   89 43 10 e8 01 6b fe ff 48 8b d0 eb 16 48 8b dd
0x00007ffe11f22cc7:   49 8b ce 48 8b d3 e8 ee 6a fe ff 48 8b d0 eb 03
0x00007ffe11f22cd7:   48 8b d5 48 8b 07 48 8b 48 20 44 8b 41 10 44 2b
0x00007ffe11f22ce7:   41 28 48 8b cf e8 2f 32 ff ff 4c 8b e0 eb 0b 48
0x00007ffe11f22cf7:   8b 47 50 48 8b 50 30 4c 8b 22 b9 d0 01 00 00 e8
0x00007ffe11f22d07:   65 1b ff ff 48 85 c0 74 10 ba ff ff ff ff 48 8b
0x00007ffe11f22d17:   c8 e8 d3 02 ff ff 4c 8b f8 41 b8 ff ff ff ff 49 


Stack slot to memory mapping:
stack at sp + 0 slots: 0x000002493c5476a0 points into unknown readable memory: 00 00 00 00 01 00 00 00
stack at sp + 1 slots: 0x0 is NULL
stack at sp + 2 slots: 0x000002493f521a60 points into unknown readable memory: d0 36 5f 12 fe 7f 00 00
stack at sp + 3 slots: 0x00000061b94fe960 is pointing into the stack for thread: 0x000002493cce4800
stack at sp + 4 slots: 0x000002493c5476a0 points into unknown readable memory: 00 00 00 00 01 00 00 00
stack at sp + 5 slots: 0x000002493f521701 points into unknown readable memory: e6 51 3f 49 02 00 00
stack at sp + 6 slots: 0x000002493c547df0 points into unknown readable memory: 80 79 54 3c 49 02 00 00
stack at sp + 7 slots: 0x000002493c546f30 points into unknown readable memory: 10 73 5e 12 fe 7f 00 00


---------------  P R O C E S S  ---------------

Threads class SMR info:
_java_thread_list=0x000002493b2ec4b0, length=51, elements={
0x0000024920fbd000, 0x0000024920a6f000, 0x0000024920a7b000, 0x0000024920ad9800,
0x0000024920adc800, 0x0000024920adf800, 0x0000024920a8a000, 0x0000024920ae4000,
0x000002493a96c800, 0x000002493b2c2000, 0x000002493b2c3000, 0x000002493b2c1800,
0x000002493b2c0800, 0x000002493b2c4800, 0x000002493b2c5800, 0x000002493b2c4000,
0x000002493b2c6800, 0x000002493b2c7000, 0x000002493bc21800, 0x000002493bc20800,
0x000002493bc22800, 0x000002493bc20000, 0x000002493bc24000, 0x000002493bc24800,
0x000002493bc28000, 0x000002493bc26800, 0x000002493bc25800, 0x000002493bc29000,
0x000002493bc27000, 0x000002493bc2c000, 0x000002493bc29800, 0x000002493bc2a800,
0x000002493bc2d000, 0x000002493bc2d800, 0x000002493bc2b800, 0x000002493bc2e800,
0x000002493ccc6000, 0x000002493cce2000, 0x000002493cce1800, 0x000002493cce5800,
0x000002493cce4800, 0x000002493cce6000, 0x000002493cce8000, 0x000002493ccca800,
0x000002493ccc8000, 0x000002493cccb000, 0x000002493ccc9800, 0x000002493ccc8800,
0x000002493cccc000, 0x000002493ccc3800, 0x000002493ccc7000
}

Java Threads: ( => current thread )
  0x0000024920fbd000 JavaThread "main" [_thread_blocked, id=11276, stack(0x00000061b8b00000,0x00000061b8c00000)]
  0x0000024920a6f000 JavaThread "Reference Handler" daemon [_thread_blocked, id=36180, stack(0x00000061b8d00000,0x00000061b8e00000)]
  0x0000024920a7b000 JavaThread "Finalizer" daemon [_thread_blocked, id=31948, stack(0x00000061b8e00000,0x00000061b8f00000)]
  0x0000024920ad9800 JavaThread "Signal Dispatcher" daemon [_thread_blocked, id=36832, stack(0x00000061b8f00000,0x00000061b9000000)]
  0x0000024920adc800 JavaThread "Attach Listener" daemon [_thread_blocked, id=16344, stack(0x00000061b9000000,0x00000061b9100000)]
  0x0000024920adf800 JavaThread "C2 CompilerThread0" daemon [_thread_in_vm, id=35616, stack(0x00000061b9100000,0x00000061b9200000)]
  0x0000024920a8a000 JavaThread "C1 CompilerThread0" daemon [_thread_blocked, id=9060, stack(0x00000061b9200000,0x00000061b9300000)]
  0x0000024920ae4000 JavaThread "Sweeper thread" daemon [_thread_in_vm, id=35128, stack(0x00000061b9300000,0x00000061b9400000)]
  0x000002493a96c800 JavaThread "Common-Cleaner" daemon [_thread_blocked, id=35964, stack(0x00000061b9500000,0x00000061b9600000)]
  0x000002493b2c2000 JavaThread "Thread-0" daemon [_thread_blocked, id=10044, stack(0x00000061b9b00000,0x00000061b9c00000)]
  0x000002493b2c3000 JavaThread "Thread-1" daemon [_thread_blocked, id=33868, stack(0x00000061b9c00000,0x00000061b9d00000)]
  0x000002493b2c1800 JavaThread "FileSystemWatchService" daemon [_thread_in_native, id=22684, stack(0x00000061b9d00000,0x00000061b9e00000)]
  0x000002493b2c0800 JavaThread "FileSystemWatchService" daemon [_thread_in_native, id=27900, stack(0x00000061b9e00000,0x00000061b9f00000)]
  0x000002493b2c4800 JavaThread "Thread-2" daemon [_thread_blocked, id=20708, stack(0x00000061b9f00000,0x00000061ba000000)]
  0x000002493b2c5800 JavaThread "FileSystemWatchService" daemon [_thread_in_native, id=432, stack(0x00000061ba000000,0x00000061ba100000)]
  0x000002493b2c4000 JavaThread "FileSystemWatchService" daemon [_thread_in_native, id=33536, stack(0x00000061ba100000,0x00000061ba200000)]
  0x000002493b2c6800 JavaThread "HotSwap Watcher" daemon [_thread_blocked, id=36588, stack(0x00000061ba200000,0x00000061ba300000)]
  0x000002493b2c7000 JavaThread "HotSwap Dispatcher" daemon [_thread_blocked, id=30360, stack(0x00000061ba300000,0x00000061ba400000)]
  0x000002493bc21800 JavaThread "Thread-5" daemon [_thread_blocked, id=5016, stack(0x00000061ba400000,0x00000061ba500000)]
  0x000002493bc20800 JavaThread "Service Thread" daemon [_thread_blocked, id=26536, stack(0x00000061ba600000,0x00000061ba700000)]
  0x000002493bc22800 JavaThread "mysql-cj-abandoned-connection-cleanup" daemon [_thread_blocked, id=17676, stack(0x00000061b9700000,0x00000061b9800000)]
  0x000002493bc20000 JavaThread "mysql-cj-abandoned-connection-cleanup" daemon [_thread_blocked, id=7744, stack(0x00000061ba500000,0x00000061ba600000)]
  0x000002493bc24000 JavaThread "Thread-8" daemon [_thread_blocked, id=21676, stack(0x00000061bac00000,0x00000061bad00000)]
  0x000002493bc24800 JavaThread "Catalina-utility-1" [_thread_blocked, id=29792, stack(0x00000061bad00000,0x00000061bae00000)]
  0x000002493bc28000 JavaThread "Catalina-utility-2" [_thread_blocked, id=28508, stack(0x00000061bae00000,0x00000061baf00000)]
  0x000002493bc26800 JavaThread "http-nio-8080-exec-1" daemon [_thread_blocked, id=12036, stack(0x00000061baf00000,0x00000061bb000000)]
  0x000002493bc25800 JavaThread "http-nio-8080-exec-2" daemon [_thread_blocked, id=36152, stack(0x00000061bb000000,0x00000061bb100000)]
  0x000002493bc29000 JavaThread "http-nio-8080-exec-3" daemon [_thread_blocked, id=36580, stack(0x00000061bb100000,0x00000061bb200000)]
  0x000002493bc27000 JavaThread "http-nio-8080-exec-4" daemon [_thread_blocked, id=35636, stack(0x00000061bb200000,0x00000061bb300000)]
  0x000002493bc2c000 JavaThread "http-nio-8080-exec-5" daemon [_thread_blocked, id=14744, stack(0x00000061bb300000,0x00000061bb400000)]
  0x000002493bc29800 JavaThread "http-nio-8080-exec-6" daemon [_thread_blocked, id=17540, stack(0x00000061bb400000,0x00000061bb500000)]
  0x000002493bc2a800 JavaThread "http-nio-8080-exec-7" daemon [_thread_blocked, id=3416, stack(0x00000061bb500000,0x00000061bb600000)]
  0x000002493bc2d000 JavaThread "http-nio-8080-exec-8" daemon [_thread_blocked, id=17164, stack(0x00000061bb600000,0x00000061bb700000)]
  0x000002493bc2d800 JavaThread "http-nio-8080-exec-9" daemon [_thread_blocked, id=26068, stack(0x00000061bb700000,0x00000061bb800000)]
  0x000002493bc2b800 JavaThread "http-nio-8080-exec-10" daemon [_thread_blocked, id=34416, stack(0x00000061bb800000,0x00000061bb900000)]
  0x000002493bc2e800 JavaThread "http-nio-8080-Poller" daemon [_thread_in_native, id=32712, stack(0x00000061ba900000,0x00000061baa00000)]
  0x000002493ccc6000 JavaThread "http-nio-8080-Acceptor" daemon [_thread_in_native, id=24868, stack(0x00000061baa00000,0x00000061bab00000)]
  0x000002493cce2000 JavaThread "C2 CompilerThread1" daemon [_thread_in_vm, id=3128, stack(0x00000061b8800000,0x00000061b8900000)]
  0x000002493cce1800 JavaThread "C2 CompilerThread2" daemon [_thread_blocked, id=5296, stack(0x00000061b8900000,0x00000061b8a00000)]
  0x000002493cce5800 JavaThread "C2 CompilerThread3" daemon [_thread_blocked, id=39736, stack(0x00000061b8a00000,0x00000061b8b00000)]
=>0x000002493cce4800 JavaThread "C1 CompilerThread1" daemon [_thread_in_native, id=6172, stack(0x00000061b9400000,0x00000061b9500000)]
  0x000002493cce6000 JavaThread "C1 CompilerThread2" daemon [_thread_blocked, id=17828, stack(0x00000061b9600000,0x00000061b9700000)]
  0x000002493cce8000 JavaThread "C1 CompilerThread3" daemon [_thread_blocked, id=12764, stack(0x00000061b9800000,0x00000061b9900000)]
  0x000002493ccca800 JavaThread "C2 CompilerThread4" daemon [_thread_in_vm, id=40264, stack(0x00000061bc300000,0x00000061bc400000)]
  0x000002493ccc8000 JavaThread "C2 CompilerThread5" daemon [_thread_in_vm, id=40748, stack(0x00000061bc400000,0x00000061bc500000)]
  0x000002493cccb000 JavaThread "C2 CompilerThread6" daemon [_thread_blocked, id=40968, stack(0x00000061bc500000,0x00000061bc600000)]
  0x000002493ccc9800 JavaThread "C2 CompilerThread7" daemon [_thread_in_vm, id=39852, stack(0x00000061bc600000,0x00000061bc700000)]
  0x000002493ccc8800 JavaThread "C2 CompilerThread8" daemon [_thread_blocked, id=5400, stack(0x00000061bc700000,0x00000061bc800000)]
  0x000002493cccc000 JavaThread "C2 CompilerThread9" daemon [_thread_in_vm, id=41804, stack(0x00000061bc800000,0x00000061bc900000)]
  0x000002493ccc3800 JavaThread "Thread-194" daemon [_thread_blocked, id=37376, stack(0x00000061b9a00000,0x00000061b9b00000)]
  0x000002493ccc7000 JavaThread "C1 CompilerThread4" daemon [_thread_blocked, id=24468, stack(0x00000061ba800000,0x00000061ba900000)]

Other Threads:
  0x0000024920a6b800 VMThread "VM Thread" [stack: 0x00000061b8c00000,0x00000061b8d00000] [id=35528]
  0x000002493c621000 WatcherThread [stack: 0x00000061ba700000,0x00000061ba800000] [id=24584]

Threads with active compile tasks:
C2 CompilerThread08885665 17526       4       java.lang.String::trim (35 bytes)
C1 CompilerThread08885665 17492   !   3       org.hotswap.agent.util.HotswapTransformer::transform (780 bytes)
C2 CompilerThread18885666 17512       4       java.util.regex.Pattern$Slice::match (79 bytes)
C2 CompilerThread28885666 17552       4       jdk.internal.org.objectweb.asm.ByteVector::putUTF8 (142 bytes)
C2 CompilerThread38885666 17550       4       jdk.internal.org.objectweb.asm.Type::getArgumentsAndReturnSizes (151 bytes)
C1 CompilerThread18885666 17349       3       java.util.regex.Pattern::Single (7 bytes)
C1 CompilerThread28885666 17544       3       java.lang.invoke.MethodHandles$Lookup::checkSecurityManager (104 bytes)
C1 CompilerThread38885666 17483       3       org.hotswap.agent.logging.AgentLogger::debug (10 bytes)
C2 CompilerThread48885666 17500       4       java.util.regex.Matcher::<init> (95 bytes)
C2 CompilerThread58885666 17340       4       java.lang.reflect.Method::invoke (65 bytes)
C2 CompilerThread68885666 17551       4       jdk.internal.org.objectweb.asm.Item::set (219 bytes)
C2 CompilerThread78885666 17531       4       java.lang.StringLatin1::trim (76 bytes)
C2 CompilerThread88885666 17482       4       java.util.concurrent.locks.AbstractQueuedSynchronizer::transferAfterCancelledWait (34 bytes)
C2 CompilerThread98885666 17542       4       java.lang.StringLatin1::canEncode (13 bytes)
C1 CompilerThread48885666 17315       1       org.hotswap.agent.javassist.CtClassType::getClassPool (5 bytes)

VM state:not at safepoint (normal execution)

VM Mutex/Monitor currently owned by a thread:  ([mutex/lock_event])
[0x0000024920fb9830] CodeCache_lock - owner thread: 0x0000024920ae4000
[0x0000024920fb8510] EnhancedRedefineClasses_lock - owner thread: 0x000002493ccc3800
[0x0000024920fb8f30] Compile_lock - owner thread: 0x000002493cccc000
[0x0000024920fb9440] MethodCompileQueue_lock - owner thread: 0x000002493cccc000

Heap address: 0x0000000605e00000, size: 8098 MB, Compressed Oops mode: Zero based, Oop shift amount: 3
Narrow klass base: 0x0000000800000000, Narrow klass shift: 0
Compressed class space size: 1073741824 Address: 0x0000000800000000

Heap:
 def new generation   total 156096K, used 12560K [0x0000000605e00000, 0x0000000610760000, 0x00000006ae950000)
  eden space 138752K,   7% used [0x0000000605e00000, 0x00000006067ac5d8, 0x000000060e580000)
  from space 17344K,  15% used [0x000000060e580000, 0x000000060e817a60, 0x000000060f670000)
  to   space 17344K,   0% used [0x000000060f670000, 0x000000060f670000, 0x0000000610760000)
 tenured generation   total 346816K, used 52753K [0x00000006ae950000, 0x00000006c3c00000, 0x0000000800000000)
   the space 346816K,  15% used [0x00000006ae950000, 0x00000006b1cd4618, 0x00000006b1cd4800, 0x00000006c3c00000)
 Metaspace       used 90705K, capacity 93042K, committed 93332K, reserved 1130496K
  class space    used 11326K, capacity 12167K, committed 12248K, reserved 1048576K

Card table byte_map: [0x0000024938610000,0x00000249395f0000] _byte_map_base: 0x00000249355e1000

Polling page: 0x000002491eba0000

Metaspace:

Usage:
  Non-class:     78.98 MB capacity,    77.52 MB ( 98%) used,     1.26 MB (  2%) free+waste,   208.94 KB ( <1%) overhead. 
      Class:     11.88 MB capacity,    11.06 MB ( 93%) used,   746.57 KB (  6%) free+waste,    94.38 KB ( <1%) overhead. 
       Both:     90.86 MB capacity,    88.58 MB ( 97%) used,     1.99 MB (  2%) free+waste,   303.31 KB ( <1%) overhead. 

Virtual space:
  Non-class space:       80.00 MB reserved,      79.18 MB ( 99%) committed 
      Class space:        1.00 GB reserved,      11.96 MB (  1%) committed 
             Both:        1.08 GB reserved,      91.14 MB (  8%) committed 

Chunk freelists:
   Non-Class:  17.00 KB
       Class:  0 bytes
        Both:  17.00 KB

MaxMetaspaceSize: 17179869184.00 GB
CompressedClassSpaceSize: 1.00 GB

CodeHeap 'non-profiled nmethods': size=118912Kb used=5686Kb max_used=8267Kb free=113225Kb
 bounds [0x00000249311f0000, 0x0000024931a10000, 0x0000024938610000]
CodeHeap 'profiled nmethods': size=118848Kb used=7346Kb max_used=19139Kb free=111501Kb
 bounds [0x0000024929de0000, 0x000002492b0b0000, 0x00000249311f0000]
CodeHeap 'non-nmethods': size=8000Kb used=3573Kb max_used=3722Kb free=4426Kb
 bounds [0x0000024929610000, 0x0000024929a10000, 0x0000024929de0000]
 total_blobs=5990 nmethods=5306 adapters=587
 compilation: enabled
              stopped_count=0, restarted_count=0
 full_count=0

Compilation events (20 events):
Event: 8885.629 Thread 0x000002493ccc7000 nmethod 17488 0x0000024929fc8610 code [0x0000024929fc89a0, 0x0000024929fca4f8]
Event: 8885.629 Thread 0x000002493ccc7000 17549       2       java.util.stream.PipelineHelper::<init> (5 bytes)
Event: 8885.629 Thread 0x000002493cce5800 nmethod 17520 0x000002493129df10 code [0x000002493129e0c0, 0x000002493129e218]
Event: 8885.629 Thread 0x000002493ccc7000 nmethod 17549 0x0000024929eae690 code [0x0000024929eae840, 0x0000024929eae938]
Event: 8885.629 Thread 0x000002493cce5800 17550       4       jdk.internal.org.objectweb.asm.Type::getArgumentsAndReturnSizes (151 bytes)
Event: 8885.629 Thread 0x000002493cce1800 nmethod 17518 0x0000024931247410 code [0x00000249312475a0, 0x00000249312475f8]
Event: 8885.629 Thread 0x000002493cce1800 17552       4       jdk.internal.org.objectweb.asm.ByteVector::putUTF8 (142 bytes)
Event: 8885.629 Thread 0x000002493cce8000 nmethod 17553 0x0000024929f86090 code [0x0000024929f86240, 0x0000024929f86408]
Event: 8885.629 Thread 0x000002493cce8000 17541       3       java.lang.AbstractStringBuilder::newCapacity (55 bytes)
Event: 8885.629 Thread 0x000002493cce6000 17544       3       java.lang.invoke.MethodHandles$Lookup::checkSecurityManager (104 bytes)
Event: 8885.629 Thread 0x000002493cccb000 17551       4       jdk.internal.org.objectweb.asm.Item::set (219 bytes)
Event: 8885.629 Thread 0x000002493cce8000 nmethod 17541 0x0000024929f85b90 code [0x0000024929f85d60, 0x0000024929f85f88]
Event: 8885.629 Thread 0x000002493cce8000 17483       3       org.hotswap.agent.logging.AgentLogger::debug (10 bytes)
Event: 8885.629 Thread 0x000002493cccc000 nmethod 17533 0x00000249312a2790 code [0x00000249312a2920, 0x00000249312a2af8]
Event: 8885.629 Thread 0x000002493ccc7000 17258       1       org.hotswap.agent.javassist.bytecode.ClassInfo::hashCode (5 bytes)
Event: 8885.629 Thread 0x000002493cccc000 17542       4       java.lang.StringLatin1::canEncode (13 bytes)
Event: 8885.629 Thread 0x000002493ccc7000 nmethod 17258 0x00000249312a4b90 code [0x00000249312a4d40, 0x00000249312a4df8]
Event: 8885.629 Thread 0x000002493ccc7000 17307       1       org.hotswap.agent.javassist.bytecode.StringInfo::hashCode (5 bytes)
Event: 8885.629 Thread 0x000002493ccc7000 nmethod 17307 0x00000249312a8190 code [0x00000249312a8340, 0x00000249312a83f8]
Event: 8885.629 Thread 0x000002493ccc7000 17315       1       org.hotswap.agent.javassist.CtClassType::getClassPool (5 bytes)

GC Heap History (20 events):
Event: 8559.472 GC heap before
{Heap before GC invocations=6 (full 1):
 def new generation   total 156096K, used 149893K [0x0000000605e00000, 0x0000000610760000, 0x00000006ae950000)
  eden space 138752K, 100% used [0x0000000605e00000, 0x000000060e580000, 0x000000060e580000)
  from space 17344K,  64% used [0x000000060e580000, 0x000000060f061488, 0x000000060f670000)
  to   space 17344K,   0% used [0x000000060f670000, 0x000000060f670000, 0x0000000610760000)
 tenured generation   total 346816K, used 15286K [0x00000006ae950000, 0x00000006c3c00000, 0x0000000800000000)
   the space 346816K,   4% used [0x00000006ae950000, 0x00000006af83dae8, 0x00000006af83dc00, 0x00000006c3c00000)
 Metaspace       used 33883K, capacity 34615K, committed 34816K, reserved 1081344K
  class space    used 3501K, capacity 3776K, committed 3840K, reserved 1048576K
}
Event: 8559.506 GC heap after
{Heap after GC invocations=7 (full 1):
 def new generation   total 156096K, used 9096K [0x0000000605e00000, 0x0000000610760000, 0x00000006ae950000)
  eden space 138752K,   0% used [0x0000000605e00000, 0x0000000605e00000, 0x000000060e580000)
  from space 17344K,  52% used [0x000000060f670000, 0x000000060ff52358, 0x0000000610760000)
  to   space 17344K,   0% used [0x000000060e580000, 0x000000060e580000, 0x000000060f670000)
 tenured generation   total 346816K, used 18710K [0x00000006ae950000, 0x00000006c3c00000, 0x0000000800000000)
   the space 346816K,   5% used [0x00000006ae950000, 0x00000006afb95b78, 0x00000006afb95c00, 0x00000006c3c00000)
 Metaspace       used 33883K, capacity 34615K, committed 34816K, reserved 1081344K
  class space    used 3501K, capacity 3776K, committed 3840K, reserved 1048576K
}
Event: 8559.541 GC heap before
{Heap before GC invocations=7 (full 1):
 def new generation   total 156096K, used 13319K [0x0000000605e00000, 0x0000000610760000, 0x00000006ae950000)
  eden space 138752K,   3% used [0x0000000605e00000, 0x000000060621f8d8, 0x000000060e580000)
  from space 17344K,  52% used [0x000000060f670000, 0x000000060ff52358, 0x0000000610760000)
  to   space 17344K,   0% used [0x000000060e580000, 0x000000060e580000, 0x000000060f670000)
 tenured generation   total 346816K, used 18710K [0x00000006ae950000, 0x00000006c3c00000, 0x0000000800000000)
   the space 346816K,   5% used [0x00000006ae950000, 0x00000006afb95b78, 0x00000006afb95c00, 0x00000006c3c00000)
 Metaspace       used 34637K, capacity 35322K, committed 35416K, reserved 1081344K
  class space    used 3582K, capacity 3841K, committed 3928K, reserved 1048576K
}
Event: 8559.628 GC heap after
{Heap after GC invocations=8 (full 2):
 def new generation   total 156096K, used 0K [0x0000000605e00000, 0x0000000610760000, 0x00000006ae950000)
  eden space 138752K,   0% used [0x0000000605e00000, 0x0000000605e00000, 0x000000060e580000)
  from space 17344K,   0% used [0x000000060f670000, 0x000000060f670000, 0x0000000610760000)
  to   space 17344K,   0% used [0x000000060e580000, 0x000000060e580000, 0x000000060f670000)
 tenured generation   total 346816K, used 27601K [0x00000006ae950000, 0x00000006c3c00000, 0x0000000800000000)
   the space 346816K,   7% used [0x00000006ae950000, 0x00000006b0444690, 0x00000006b0444800, 0x00000006c3c00000)
 Metaspace       used 34412K, capacity 34980K, committed 35416K, reserved 1081344K
  class space    used 3523K, capacity 3733K, committed 3928K, reserved 1048576K
}
Event: 8562.622 GC heap before
{Heap before GC invocations=8 (full 2):
 def new generation   total 156096K, used 138752K [0x0000000605e00000, 0x0000000610760000, 0x00000006ae950000)
  eden space 138752K, 100% used [0x0000000605e00000, 0x000000060e580000, 0x000000060e580000)
  from space 17344K,   0% used [0x000000060f670000, 0x000000060f670000, 0x0000000610760000)
  to   space 17344K,   0% used [0x000000060e580000, 0x000000060e580000, 0x000000060f670000)
 tenured generation   total 346816K, used 27601K [0x00000006ae950000, 0x00000006c3c00000, 0x0000000800000000)
   the space 346816K,   7% used [0x00000006ae950000, 0x00000006b0444690, 0x00000006b0444800, 0x00000006c3c00000)
 Metaspace       used 44818K, capacity 45476K, committed 45784K, reserved 1089536K
  class space    used 4743K, capacity 4973K, committed 5080K, reserved 1048576K
}
Event: 8562.634 GC heap after
{Heap after GC invocations=9 (full 2):
 def new generation   total 156096K, used 2494K [0x0000000605e00000, 0x0000000610760000, 0x00000006ae950000)
  eden space 138752K,   0% used [0x0000000605e00000, 0x0000000605e00000, 0x000000060e580000)
  from space 17344K,  14% used [0x000000060e580000, 0x000000060e7efb20, 0x000000060f670000)
  to   space 17344K,   0% used [0x000000060f670000, 0x000000060f670000, 0x0000000610760000)
 tenured generation   total 346816K, used 27601K [0x00000006ae950000, 0x00000006c3c00000, 0x0000000800000000)
   the space 346816K,   7% used [0x00000006ae950000, 0x00000006b0444690, 0x00000006b0444800, 0x00000006c3c00000)
 Metaspace       used 44818K, capacity 45476K, committed 45784K, reserved 1089536K
  class space    used 4743K, capacity 4973K, committed 5080K, reserved 1048576K
}
Event: 8565.335 GC heap before
{Heap before GC invocations=9 (full 2):
 def new generation   total 156096K, used 141246K [0x0000000605e00000, 0x0000000610760000, 0x00000006ae950000)
  eden space 138752K, 100% used [0x0000000605e00000, 0x000000060e580000, 0x000000060e580000)
  from space 17344K,  14% used [0x000000060e580000, 0x000000060e7efb20, 0x000000060f670000)
  to   space 17344K,   0% used [0x000000060f670000, 0x000000060f670000, 0x0000000610760000)
 tenured generation   total 346816K, used 27601K [0x00000006ae950000, 0x00000006c3c00000, 0x0000000800000000)
   the space 346816K,   7% used [0x00000006ae950000, 0x00000006b0444690, 0x00000006b0444800, 0x00000006c3c00000)
 Metaspace       used 50383K, capacity 51233K, committed 51416K, reserved 1095680K
  class space    used 5678K, capacity 5972K, committed 6104K, reserved 1048576K
}
Event: 8565.349 GC heap after
{Heap after GC invocations=10 (full 2):
 def new generation   total 156096K, used 10353K [0x0000000605e00000, 0x0000000610760000, 0x00000006ae950000)
  eden space 138752K,   0% used [0x0000000605e00000, 0x0000000605e00000, 0x000000060e580000)
  from space 17344K,  59% used [0x000000060f670000, 0x000000061008c698, 0x0000000610760000)
  to   space 17344K,   0% used [0x000000060e580000, 0x000000060e580000, 0x000000060f670000)
 tenured generation   total 346816K, used 27601K [0x00000006ae950000, 0x00000006c3c00000, 0x0000000800000000)
   the space 346816K,   7% used [0x00000006ae950000, 0x00000006b0444690, 0x00000006b0444800, 0x00000006c3c00000)
 Metaspace       used 50383K, capacity 51233K, committed 51416K, reserved 1095680K
  class space    used 5678K, capacity 5972K, committed 6104K, reserved 1048576K
}
Event: 8568.117 GC heap before
{Heap before GC invocations=10 (full 2):
 def new generation   total 156096K, used 114163K [0x0000000605e00000, 0x0000000610760000, 0x00000006ae950000)
  eden space 138752K,  74% used [0x0000000605e00000, 0x000000060c3606f8, 0x000000060e580000)
  from space 17344K,  59% used [0x000000060f670000, 0x000000061008c698, 0x0000000610760000)
  to   space 17344K,   0% used [0x000000060e580000, 0x000000060e580000, 0x000000060f670000)
 tenured generation   total 346816K, used 27601K [0x00000006ae950000, 0x00000006c3c00000, 0x0000000800000000)
   the space 346816K,   7% used [0x00000006ae950000, 0x00000006b0444690, 0x00000006b0444800, 0x00000006c3c00000)
 Metaspace       used 57955K, capacity 58897K, committed 59028K, reserved 1101824K
  class space    used 6711K, capacity 7093K, committed 7128K, reserved 1048576K
}
Event: 8568.238 GC heap after
{Heap after GC invocations=11 (full 3):
 def new generation   total 156096K, used 0K [0x0000000605e00000, 0x0000000610760000, 0x00000006ae950000)
  eden space 138752K,   0% used [0x0000000605e00000, 0x0000000605e00000, 0x000000060e580000)
  from space 17344K,   0% used [0x000000060f670000, 0x000000060f670000, 0x0000000610760000)
  to   space 17344K,   0% used [0x000000060e580000, 0x000000060e580000, 0x000000060f670000)
 tenured generation   total 346816K, used 41240K [0x00000006ae950000, 0x00000006c3c00000, 0x0000000800000000)
   the space 346816K,  11% used [0x00000006ae950000, 0x00000006b1196078, 0x00000006b1196200, 0x00000006c3c00000)
 Metaspace       used 57955K, capacity 58897K, committed 59028K, reserved 1101824K
  class space    used 6711K, capacity 7093K, committed 7128K, reserved 1048576K
}
Event: 8572.669 GC heap before
{Heap before GC invocations=11 (full 3):
 def new generation   total 156096K, used 138752K [0x0000000605e00000, 0x0000000610760000, 0x00000006ae950000)
  eden space 138752K, 100% used [0x0000000605e00000, 0x000000060e580000, 0x000000060e580000)
  from space 17344K,   0% used [0x000000060f670000, 0x000000060f670000, 0x0000000610760000)
  to   space 17344K,   0% used [0x000000060e580000, 0x000000060e580000, 0x000000060f670000)
 tenured generation   total 346816K, used 41240K [0x00000006ae950000, 0x00000006c3c00000, 0x0000000800000000)
   the space 346816K,  11% used [0x00000006ae950000, 0x00000006b1196078, 0x00000006b1196200, 0x00000006c3c00000)
 Metaspace       used 65645K, capacity 66781K, committed 67092K, reserved 1107968K
  class space    used 7772K, capacity 8180K, committed 8280K, reserved 1048576K
}
Event: 8572.682 GC heap after
{Heap after GC invocations=12 (full 3):
 def new generation   total 156096K, used 2528K [0x0000000605e00000, 0x0000000610760000, 0x00000006ae950000)
  eden space 138752K,   0% used [0x0000000605e00000, 0x0000000605e00000, 0x000000060e580000)
  from space 17344K,  14% used [0x000000060e580000, 0x000000060e7f8360, 0x000000060f670000)
  to   space 17344K,   0% used [0x000000060f670000, 0x000000060f670000, 0x0000000610760000)
 tenured generation   total 346816K, used 41240K [0x00000006ae950000, 0x00000006c3c00000, 0x0000000800000000)
   the space 346816K,  11% used [0x00000006ae950000, 0x00000006b1196078, 0x00000006b1196200, 0x00000006c3c00000)
 Metaspace       used 65645K, capacity 66781K, committed 67092K, reserved 1107968K
  class space    used 7772K, capacity 8180K, committed 8280K, reserved 1048576K
}
Event: 8577.327 GC heap before
{Heap before GC invocations=12 (full 3):
 def new generation   total 156096K, used 141280K [0x0000000605e00000, 0x0000000610760000, 0x00000006ae950000)
  eden space 138752K, 100% used [0x0000000605e00000, 0x000000060e580000, 0x000000060e580000)
  from space 17344K,  14% used [0x000000060e580000, 0x000000060e7f8360, 0x000000060f670000)
  to   space 17344K,   0% used [0x000000060f670000, 0x000000060f670000, 0x0000000610760000)
 tenured generation   total 346816K, used 41240K [0x00000006ae950000, 0x00000006c3c00000, 0x0000000800000000)
   the space 346816K,  11% used [0x00000006ae950000, 0x00000006b1196078, 0x00000006b1196200, 0x00000006c3c00000)
 Metaspace       used 72971K, capacity 74208K, committed 74260K, reserved 1114112K
  class space    used 8800K, capacity 9268K, committed 9304K, reserved 1048576K
}
Event: 8577.353 GC heap after
{Heap after GC invocations=13 (full 3):
 def new generation   total 156096K, used 11542K [0x0000000605e00000, 0x0000000610760000, 0x00000006ae950000)
  eden space 138752K,   0% used [0x0000000605e00000, 0x0000000605e00000, 0x000000060e580000)
  from space 17344K,  66% used [0x000000060f670000, 0x00000006101b5868, 0x0000000610760000)
  to   space 17344K,   0% used [0x000000060e580000, 0x000000060e580000, 0x000000060f670000)
 tenured generation   total 346816K, used 41240K [0x00000006ae950000, 0x00000006c3c00000, 0x0000000800000000)
   the space 346816K,  11% used [0x00000006ae950000, 0x00000006b1196078, 0x00000006b1196200, 0x00000006c3c00000)
 Metaspace       used 72971K, capacity 74208K, committed 74260K, reserved 1114112K
  class space    used 8800K, capacity 9268K, committed 9304K, reserved 1048576K
}
Event: 8578.993 GC heap before
{Heap before GC invocations=13 (full 3):
 def new generation   total 156096K, used 150294K [0x0000000605e00000, 0x0000000610760000, 0x00000006ae950000)
  eden space 138752K, 100% used [0x0000000605e00000, 0x000000060e580000, 0x000000060e580000)
  from space 17344K,  66% used [0x000000060f670000, 0x00000006101b5868, 0x0000000610760000)
  to   space 17344K,   0% used [0x000000060e580000, 0x000000060e580000, 0x000000060f670000)
 tenured generation   total 346816K, used 41240K [0x00000006ae950000, 0x00000006c3c00000, 0x0000000800000000)
   the space 346816K,  11% used [0x00000006ae950000, 0x00000006b1196078, 0x00000006b1196200, 0x00000006c3c00000)
 Metaspace       used 79572K, capacity 81423K, committed 81684K, reserved 1120256K
  class space    used 9683K, capacity 10268K, committed 10328K, reserved 1048576K
}
Event: 8579.021 GC heap after
{Heap after GC invocations=14 (full 3):
 def new generation   total 156096K, used 3164K [0x0000000605e00000, 0x0000000610760000, 0x00000006ae950000)
  eden space 138752K,   0% used [0x0000000605e00000, 0x0000000605e00000, 0x000000060e580000)
  from space 17344K,  18% used [0x000000060e580000, 0x000000060e8971c0, 0x000000060f670000)
  to   space 17344K,   0% used [0x000000060f670000, 0x000000060f670000, 0x0000000610760000)
 tenured generation   total 346816K, used 52753K [0x00000006ae950000, 0x00000006c3c00000, 0x0000000800000000)
   the space 346816K,  15% used [0x00000006ae950000, 0x00000006b1cd4618, 0x00000006b1cd4800, 0x00000006c3c00000)
 Metaspace       used 79572K, capacity 81423K, committed 81684K, reserved 1120256K
  class space    used 9683K, capacity 10268K, committed 10328K, reserved 1048576K
}
Event: 8579.786 GC heap before
{Heap before GC invocations=14 (full 3):
 def new generation   total 156096K, used 141916K [0x0000000605e00000, 0x0000000610760000, 0x00000006ae950000)
  eden space 138752K, 100% used [0x0000000605e00000, 0x000000060e580000, 0x000000060e580000)
  from space 17344K,  18% used [0x000000060e580000, 0x000000060e8971c0, 0x000000060f670000)
  to   space 17344K,   0% used [0x000000060f670000, 0x000000060f670000, 0x0000000610760000)
 tenured generation   total 346816K, used 52753K [0x00000006ae950000, 0x00000006c3c00000, 0x0000000800000000)
   the space 346816K,  15% used [0x00000006ae950000, 0x00000006b1cd4618, 0x00000006b1cd4800, 0x00000006c3c00000)
 Metaspace       used 85949K, capacity 87977K, committed 88212K, reserved 1126400K
  class space    used 10634K, capacity 11366K, committed 11480K, reserved 1048576K
}
Event: 8579.797 GC heap after
{Heap after GC invocations=15 (full 3):
 def new generation   total 156096K, used 2958K [0x0000000605e00000, 0x0000000610760000, 0x00000006ae950000)
  eden space 138752K,   0% used [0x0000000605e00000, 0x0000000605e00000, 0x000000060e580000)
  from space 17344K,  17% used [0x000000060f670000, 0x000000060f953be8, 0x0000000610760000)
  to   space 17344K,   0% used [0x000000060e580000, 0x000000060e580000, 0x000000060f670000)
 tenured generation   total 346816K, used 52753K [0x00000006ae950000, 0x00000006c3c00000, 0x0000000800000000)
   the space 346816K,  15% used [0x00000006ae950000, 0x00000006b1cd4618, 0x00000006b1cd4800, 0x00000006c3c00000)
 Metaspace       used 85949K, capacity 87977K, committed 88212K, reserved 1126400K
  class space    used 10634K, capacity 11366K, committed 11480K, reserved 1048576K
}
Event: 8885.276 GC heap before
{Heap before GC invocations=15 (full 3):
 def new generation   total 156096K, used 141710K [0x0000000605e00000, 0x0000000610760000, 0x00000006ae950000)
  eden space 138752K, 100% used [0x0000000605e00000, 0x000000060e580000, 0x000000060e580000)
  from space 17344K,  17% used [0x000000060f670000, 0x000000060f953be8, 0x0000000610760000)
  to   space 17344K,   0% used [0x000000060e580000, 0x000000060e580000, 0x000000060f670000)
 tenured generation   total 346816K, used 52753K [0x00000006ae950000, 0x00000006c3c00000, 0x0000000800000000)
   the space 346816K,  15% used [0x00000006ae950000, 0x00000006b1cd4618, 0x00000006b1cd4800, 0x00000006c3c00000)
 Metaspace       used 90600K, capacity 92922K, committed 93076K, reserved 1130496K
  class space    used 11311K, capacity 12151K, committed 12248K, reserved 1048576K
}
Event: 8885.283 GC heap after
{Heap after GC invocations=16 (full 3):
 def new generation   total 156096K, used 2654K [0x0000000605e00000, 0x0000000610760000, 0x00000006ae950000)
  eden space 138752K,   0% used [0x0000000605e00000, 0x0000000605e00000, 0x000000060e580000)
  from space 17344K,  15% used [0x000000060e580000, 0x000000060e817a60, 0x000000060f670000)
  to   space 17344K,   0% used [0x000000060f670000, 0x000000060f670000, 0x0000000610760000)
 tenured generation   total 346816K, used 52753K [0x00000006ae950000, 0x00000006c3c00000, 0x0000000800000000)
   the space 346816K,  15% used [0x00000006ae950000, 0x00000006b1cd4618, 0x00000006b1cd4800, 0x00000006c3c00000)
 Metaspace       used 90600K, capacity 92922K, committed 93076K, reserved 1130496K
  class space    used 11311K, capacity 12151K, committed 12248K, reserved 1048576K
}

Deoptimization events (20 events):
Event: 8812.889 Thread 0x000002493bc28000 DEOPT PACKING pc=0x000002493140b258 sp=0x00000061baeff510
Event: 8812.889 Thread 0x000002493bc28000 DEOPT UNPACKING pc=0x0000024929636d4e sp=0x00000061baefe828 mode 0
Event: 8820.766 Thread 0x000002493b2c6800 DEOPT PACKING pc=0x0000024931542564 sp=0x00000061ba2ff1a0
Event: 8820.766 Thread 0x000002493b2c6800 DEOPT UNPACKING pc=0x0000024929636d4e sp=0x00000061ba2fe548 mode 0
Event: 8820.770 Thread 0x000002493b2c6800 DEOPT PACKING pc=0x0000024931575964 sp=0x00000061ba2ff260
Event: 8820.770 Thread 0x000002493b2c6800 DEOPT UNPACKING pc=0x0000024929636d4e sp=0x00000061ba2fe640 mode 0
Event: 8820.770 Thread 0x000002493b2c6800 DEOPT PACKING pc=0x0000024931575138 sp=0x00000061ba2ff320
Event: 8820.770 Thread 0x000002493b2c6800 DEOPT UNPACKING pc=0x0000024929636d4e sp=0x00000061ba2fe7a8 mode 0
Event: 8820.969 Thread 0x000002493b2c6800 DEOPT PACKING pc=0x000002492a37b2fc sp=0x00000061ba2ff160
Event: 8820.969 Thread 0x000002493b2c6800 DEOPT UNPACKING pc=0x0000024929636d4e sp=0x00000061ba2fe608 mode 0
Event: 8821.354 Thread 0x000002493bc28000 DEOPT PACKING pc=0x000002493159409c sp=0x00000061baeff460
Event: 8821.354 Thread 0x000002493bc28000 DEOPT UNPACKING pc=0x0000024929636d4e sp=0x00000061baefe7e0 mode 0
Event: 8824.497 Thread 0x000002493bc24000 DEOPT PACKING pc=0x000002493131ddec sp=0x00000061bacfed60
Event: 8824.497 Thread 0x000002493bc24000 DEOPT UNPACKING pc=0x0000024929636d4e sp=0x00000061bacfe1a8 mode 0
Event: 8885.602 Thread 0x000002493b2c6800 DEOPT PACKING pc=0x0000024931622bec sp=0x00000061ba2ff200
Event: 8885.602 Thread 0x000002493b2c6800 DEOPT UNPACKING pc=0x0000024929636d4e sp=0x00000061ba2fe630 mode 0
Event: 8885.610 Thread 0x000002493b2c6800 DEOPT PACKING pc=0x00000249316190d8 sp=0x00000061ba2ff2a0
Event: 8885.610 Thread 0x000002493b2c6800 DEOPT UNPACKING pc=0x0000024929636d4e sp=0x00000061ba2fe5d8 mode 0
Event: 8885.610 Thread 0x000002493b2c6800 DEOPT PACKING pc=0x00000249316c0628 sp=0x00000061ba2ff360
Event: 8885.610 Thread 0x000002493b2c6800 DEOPT UNPACKING pc=0x0000024929636d4e sp=0x00000061ba2fe7b0 mode 0

Classes redefined (20 events):
Event: 8812.480 Thread 0x0000024920a6b800 redefined class name=com.yourcompany.facturation.model.CommercialDocument$HibernateProxy$ETrOJ4p5, count=6
Event: 8812.480 Thread 0x0000024920a6b800 redefined class name=com.yourcompany.facturation.model.Order$HibernateProxy$FN7HS2fQ, count=6
Event: 8812.603 Thread 0x0000024920a6b800 redefined class name=com.yourcompany.facturation.model.CommercialDocument, count=6
Event: 8812.603 Thread 0x0000024920a6b800 redefined class name=com.yourcompany.facturation.model.Invoice, count=6
Event: 8812.603 Thread 0x0000024920a6b800 redefined class name=com.yourcompany.facturation.model.Order, count=6
Event: 8820.684 Thread 0x0000024920a6b800 redefined class name=com.yourcompany.facturation.model.CommercialDocument, count=7
Event: 8820.684 Thread 0x0000024920a6b800 redefined class name=com.yourcompany.facturation.model.CommercialDocument$HibernateProxy$ETrOJ4p5, count=7
Event: 8820.684 Thread 0x0000024920a6b800 redefined class name=com.yourcompany.facturation.model.Order, count=7
Event: 8820.684 Thread 0x0000024920a6b800 redefined class name=com.yourcompany.facturation.model.Invoice, count=7
Event: 8820.684 Thread 0x0000024920a6b800 redefined class name=com.yourcompany.facturation.model.Invoice$HibernateProxy$Zzao0iEo, count=7
Event: 8820.684 Thread 0x0000024920a6b800 redefined class name=com.yourcompany.facturation.model.Order$HibernateProxy$FN7HS2fQ, count=7
Event: 8820.880 Thread 0x0000024920a6b800 redefined class name=com.yourcompany.facturation.model.CommercialDocument, count=7
Event: 8820.880 Thread 0x0000024920a6b800 redefined class name=com.yourcompany.facturation.model.Invoice, count=7
Event: 8820.880 Thread 0x0000024920a6b800 redefined class name=com.yourcompany.facturation.model.Order, count=7
Event: 8885.560 Thread 0x0000024920a6b800 redefined class name=com.yourcompany.facturation.model.CommercialDocument, count=8
Event: 8885.560 Thread 0x0000024920a6b800 redefined class name=com.yourcompany.facturation.model.Invoice, count=8
Event: 8885.560 Thread 0x0000024920a6b800 redefined class name=com.yourcompany.facturation.model.Invoice$HibernateProxy$Zzao0iEo, count=8
Event: 8885.560 Thread 0x0000024920a6b800 redefined class name=com.yourcompany.facturation.model.Order, count=8
Event: 8885.560 Thread 0x0000024920a6b800 redefined class name=com.yourcompany.facturation.model.CommercialDocument$HibernateProxy$ETrOJ4p5, count=8
Event: 8885.560 Thread 0x0000024920a6b800 redefined class name=com.yourcompany.facturation.model.Order$HibernateProxy$FN7HS2fQ, count=8

Internal exceptions (20 events):
Event: 8580.008 Thread 0x000002493ccc7000 Exception <a 'java/lang/NoClassDefFoundError'{0x0000000608507680}: org/apache/deltaspike/core/api/config/view/metadata/ViewConfigResolver> (0x0000000608507680) thrown at [./src/hotspot/share/classfile/systemDictionary.cpp, line 222]
Event: 8580.030 Thread 0x000002493ccc7000 Exception <a 'java/lang/IllegalAccessError'{0x00000006088bee60}: class org.hotswap.agent.plugin.jvm.AnonymousClassInfos$1 cannot access its superinterface org.hotswap.agent.plugin.jvm.AnonymousClassInfos$AnonymousClassInfoMatcher (org.hotswap.agent.plugin.jvm.AnonymousClassInfos$1 is in unnamed module of loader org.apache.jasper.servlet.JasperLoader @53886978; org.hotswap.agent.plugin.jvm.AnonymousClassInfos$AnonymousClassInfoMatcher is in unnamed module of loader 'app')> (0x00000006088bee60) thrown at [./
Event: 8580.030 Thread 0x000002493ccc7000 Exception <a 'java/lang/IllegalAccessError'{0x00000006088c9b38}: class org.hotswap.agent.plugin.jvm.AnonymousClassInfos$2 cannot access its superinterface org.hotswap.agent.plugin.jvm.AnonymousClassInfos$AnonymousClassInfoMatcher (org.hotswap.agent.plugin.jvm.AnonymousClassInfos$2 is in unnamed module of loader org.apache.jasper.servlet.JasperLoader @53886978; org.hotswap.agent.plugin.jvm.AnonymousClassInfos$AnonymousClassInfoMatcher is in unnamed module of loader 'app')> (0x00000006088c9b38) thrown at [./
Event: 8580.030 Thread 0x000002493ccc7000 Exception <a 'java/lang/IllegalAccessError'{0x00000006088d4a80}: class org.hotswap.agent.plugin.jvm.AnonymousClassInfos$3 cannot access its superinterface org.hotswap.agent.plugin.jvm.AnonymousClassInfos$AnonymousClassInfoMatcher (org.hotswap.agent.plugin.jvm.AnonymousClassInfos$3 is in unnamed module of loader org.apache.jasper.servlet.JasperLoader @53886978; org.hotswap.agent.plugin.jvm.AnonymousClassInfos$AnonymousClassInfoMatcher is in unnamed module of loader 'app')> (0x00000006088d4a80) thrown at [./
Event: 8580.030 Thread 0x000002493ccc7000 Exception <a 'java/lang/LinkageError'{0x00000006088dd9a8}: loader org.apache.jasper.servlet.JasperLoader @53886978 attempted duplicate interface definition for org.hotswap.agent.plugin.jvm.AnonymousClassInfos$AnonymousClassInfoMatcher. (org.hotswap.agent.plugin.jvm.AnonymousClassInfos$AnonymousClassInfoMatcher is in unnamed module of loader org.apache.jasper.servlet.JasperLoader @53886978, parent loader org.apache.catalina.loader.ParallelWebappClassLoader @1dfd5f51)> (0x00000006088dd9a8) thrown at [./src/h
Event: 8580.042 Thread 0x000002493ccc7000 Exception <a 'java/lang/NoClassDefFoundError'{0x0000000608c2ec48}: javax/enterprise/util/AnnotationLiteral> (0x0000000608c2ec48) thrown at [./src/hotspot/share/classfile/systemDictionary.cpp, line 222]
Event: 8580.043 Thread 0x000002493ccc7000 Exception <a 'java/lang/NoClassDefFoundError'{0x0000000608c3fcc0}: javax/enterprise/util/AnnotationLiteral> (0x0000000608c3fcc0) thrown at [./src/hotspot/share/classfile/systemDictionary.cpp, line 222]
Event: 8580.054 Thread 0x000002493ccc7000 Exception <a 'java/lang/LinkageError'{0x0000000608fc9358}: loader org.apache.jasper.servlet.JasperLoader @53886978 attempted duplicate abstract class definition for org.hotswap.agent.plugin.proxy.MultistepProxyTransformer. (org.hotswap.agent.plugin.proxy.MultistepProxyTransformer is in unnamed module of loader org.apache.jasper.servlet.JasperLoader @53886978, parent loader org.apache.catalina.loader.ParallelWebappClassLoader @1dfd5f51)> (0x0000000608fc9358) thrown at [./src/hotspot/share/classfile/systemDi
Event: 8580.054 Thread 0x000002493ccc7000 Exception <a 'java/lang/LinkageError'{0x0000000608fdf7c0}: loader org.apache.jasper.servlet.JasperLoader @53886978 attempted duplicate interface definition for org.hotswap.agent.plugin.proxy.ProxyBytecodeGenerator. (org.hotswap.agent.plugin.proxy.ProxyBytecodeGenerator is in unnamed module of loader org.apache.jasper.servlet.JasperLoader @53886978, parent loader org.apache.catalina.loader.ParallelWebappClassLoader @1dfd5f51)> (0x0000000608fdf7c0) thrown at [./src/hotspot/share/classfile/systemDictionary.cp
Event: 8580.055 Thread 0x000002493ccc7000 Exception <a 'java/lang/LinkageError'{0x0000000608fe84f8}: loader org.apache.jasper.servlet.JasperLoader @53886978 attempted duplicate interface definition for org.hotswap.agent.plugin.proxy.ProxyBytecodeTransformer. (org.hotswap.agent.plugin.proxy.ProxyBytecodeTransformer is in unnamed module of loader org.apache.jasper.servlet.JasperLoader @53886978, parent loader org.apache.catalina.loader.ParallelWebappClassLoader @1dfd5f51)> (0x0000000608fe84f8) thrown at [./src/hotspot/share/classfile/systemDictionar
Event: 8580.056 Thread 0x000002493ccc7000 Exception <a 'java/lang/LinkageError'{0x0000000609030258}: loader org.apache.jasper.servlet.JasperLoader @53886978 attempted duplicate interface definition for org.hotswap.agent.plugin.proxy.ProxyTransformer. (org.hotswap.agent.plugin.proxy.ProxyTransformer is in unnamed module of loader org.apache.jasper.servlet.JasperLoader @53886978, parent loader org.apache.catalina.loader.ParallelWebappClassLoader @1dfd5f51)> (0x0000000609030258) thrown at [./src/hotspot/share/classfile/systemDictionary.cpp, line 2174
Event: 8580.056 Thread 0x000002493ccc7000 Exception <a 'java/lang/LinkageError'{0x0000000609058e70}: loader org.apache.jasper.servlet.JasperLoader @53886978 attempted duplicate abstract class definition for org.hotswap.agent.plugin.proxy.SinglestepProxyTransformer. (org.hotswap.agent.plugin.proxy.SinglestepProxyTransformer is in unnamed module of loader org.apache.jasper.servlet.JasperLoader @53886978, parent loader org.apache.catalina.loader.ParallelWebappClassLoader @1dfd5f51)> (0x0000000609058e70) thrown at [./src/hotspot/share/classfile/system
Event: 8580.069 Thread 0x000002493ccc7000 Exception <a 'java/lang/NoClassDefFoundError'{0x00000006093fd550}: io/undertow/server/handlers/resource/ResourceManager> (0x00000006093fd550) thrown at [./src/hotspot/share/classfile/systemDictionary.cpp, line 222]
Event: 8580.070 Thread 0x000002493ccc7000 Exception <a 'java/lang/NoClassDefFoundError'{0x00000006094126d0}: io/undertow/server/handlers/resource/ResourceManager> (0x00000006094126d0) thrown at [./src/hotspot/share/classfile/systemDictionary.cpp, line 222]
Event: 8580.077 Thread 0x000002493ccc7000 Exception <a 'java/lang/NoClassDefFoundError'{0x000000060955e2c0}: javax/enterprise/util/AnnotationLiteral> (0x000000060955e2c0) thrown at [./src/hotspot/share/classfile/systemDictionary.cpp, line 222]
Event: 8580.077 Thread 0x000002493ccc7000 Exception <a 'java/lang/NoClassDefFoundError'{0x000000060956edc8}: javax/enterprise/util/AnnotationLiteral> (0x000000060956edc8) thrown at [./src/hotspot/share/classfile/systemDictionary.cpp, line 222]
Event: 8580.091 Thread 0x000002493ccc7000 Exception <a 'java/lang/LinkageError'{0x00000006097b8248}: loader 'app' attempted duplicate class definition for org.openxava.hotswap.Hotswap. (org.openxava.hotswap.Hotswap is in unnamed module of loader 'app')> (0x00000006097b8248) thrown at [./src/hotspot/share/classfile/systemDictionary.cpp, line 2174]
Event: 8580.091 Thread 0x000002493ccc7000 Exception <a 'java/lang/LinkageError'{0x00000006097b8248}> (0x00000006097b8248) thrown at [./src/hotspot/share/classfile/systemDictionary.cpp, line 1754]
Event: 8580.092 Thread 0x000002493ccc7000 Exception <a 'java/lang/LinkageError'{0x00000006097d8e00}: loader 'app' attempted duplicate class definition for org.openxava.hotswap.HotswapPlugin. (org.openxava.hotswap.HotswapPlugin is in unnamed module of loader 'app')> (0x00000006097d8e00) thrown at [./src/hotspot/share/classfile/systemDictionary.cpp, line 2174]
Event: 8580.092 Thread 0x000002493ccc7000 Exception <a 'java/lang/LinkageError'{0x00000006097d8e00}> (0x00000006097d8e00) thrown at [./src/hotspot/share/classfile/systemDictionary.cpp, line 1754]

Events (20 events):
Event: 8885.631 Thread 0x0000024920ae4000 flushing nmethod 0x000002492ae5e210
Event: 8885.631 Thread 0x0000024920ae4000 flushing nmethod 0x000002492ae5e590
Event: 8885.631 Thread 0x0000024920ae4000 flushing nmethod 0x000002492ae5eb10
Event: 8885.631 Thread 0x0000024920ae4000 flushing nmethod 0x000002492ae5f710
Event: 8885.631 Thread 0x0000024920ae4000 flushing nmethod 0x000002492ae5fb90
Event: 8885.631 Thread 0x0000024920ae4000 flushing nmethod 0x000002492ae60310
Event: 8885.631 Thread 0x0000024920ae4000 flushing nmethod 0x000002492ae61590
Event: 8885.631 Thread 0x0000024920ae4000 flushing nmethod 0x000002492ae63610
Event: 8885.631 Thread 0x0000024920ae4000 flushing nmethod 0x000002492ae63a10
Event: 8885.631 Thread 0x0000024920ae4000 flushing nmethod 0x000002492ae65290
Event: 8885.631 Thread 0x0000024920ae4000 flushing nmethod 0x000002492ae65710
Event: 8885.631 Thread 0x0000024920ae4000 flushing nmethod 0x000002492ae66010
Event: 8885.631 Thread 0x0000024920ae4000 flushing nmethod 0x000002492ae66a10
Event: 8885.631 Thread 0x0000024920ae4000 flushing nmethod 0x000002492ae66d90
Event: 8885.631 Thread 0x0000024920ae4000 flushing nmethod 0x000002492ae67390
Event: 8885.631 Thread 0x0000024920ae4000 flushing nmethod 0x000002492ae67890
Event: 8885.631 Thread 0x0000024920ae4000 flushing nmethod 0x000002492ae67f90
Event: 8885.631 Thread 0x0000024920ae4000 flushing nmethod 0x000002492ae68510
Event: 8885.631 Thread 0x0000024920ae4000 flushing nmethod 0x000002492ae6b010
Event: 8885.631 Thread 0x0000024920ae4000 flushing nmethod 0x000002492ae6b410


Dynamic libraries:
0x00007ff78cb80000 - 0x00007ff78cb8d000 	C:\Users\Justxt\Downloads\openxava-studio-7-r4\studio\jre\bin\javaw.exe
0x00007fff21ba0000 - 0x00007fff21e08000 	C:\WINDOWS\SYSTEM32\ntdll.dll
0x00007fff20960000 - 0x00007fff20a29000 	C:\WINDOWS\System32\KERNEL32.DLL
0x00007fff1f540000 - 0x00007fff1f938000 	C:\WINDOWS\System32\KERNELBASE.dll
0x00007fff1f2a0000 - 0x00007fff1f3eb000 	C:\WINDOWS\System32\ucrtbase.dll
0x00007ffe1bd10000 - 0x00007ffe1bd27000 	C:\Users\Justxt\Downloads\openxava-studio-7-r4\studio\jre\bin\jli.dll
0x00007fff0e520000 - 0x00007fff0e535000 	C:\Users\Justxt\Downloads\openxava-studio-7-r4\studio\jre\bin\VCRUNTIME140.dll
0x00007fff1fbd0000 - 0x00007fff1fd97000 	C:\WINDOWS\System32\USER32.dll
0x00007ffeff270000 - 0x00007ffeff504000 	C:\WINDOWS\WinSxS\amd64_microsoft.windows.common-controls_6595b64144ccf1df_6.0.26100.7019_none_3e06ffa0e335b8a8\COMCTL32.dll
0x00007fff1f050000 - 0x00007fff1f077000 	C:\WINDOWS\System32\win32u.dll
0x00007fff1fe60000 - 0x00007fff1ff09000 	C:\WINDOWS\System32\msvcrt.dll
0x00007fff21680000 - 0x00007fff216ab000 	C:\WINDOWS\System32\GDI32.dll
0x00007fff1ef20000 - 0x00007fff1f04c000 	C:\WINDOWS\System32\gdi32full.dll
0x00007fff1ecf0000 - 0x00007fff1ed93000 	C:\WINDOWS\System32\msvcp_win.dll
0x00007fff21580000 - 0x00007fff215b1000 	C:\WINDOWS\System32\IMM32.DLL
0x00007ffe5a680000 - 0x00007ffe5a71b000 	C:\Users\Justxt\Downloads\openxava-studio-7-r4\studio\jre\bin\msvcp140.dll
0x00007ffe11df0000 - 0x00007ffe128ba000 	C:\Users\Justxt\Downloads\openxava-studio-7-r4\studio\jre\bin\server\jvm.dll
0x00007fff215c0000 - 0x00007fff21674000 	C:\WINDOWS\System32\ADVAPI32.dll
0x00007fff1f940000 - 0x00007fff1f9e6000 	C:\WINDOWS\System32\sechost.dll
0x00007fff20170000 - 0x00007fff20288000 	C:\WINDOWS\System32\RPCRT4.dll
0x00007fff20360000 - 0x00007fff20368000 	C:\WINDOWS\System32\PSAPI.DLL
0x00007fff15530000 - 0x00007fff15565000 	C:\WINDOWS\SYSTEM32\WINMM.dll
0x00007ffef2c70000 - 0x00007ffef2c7a000 	C:\WINDOWS\SYSTEM32\WSOCK32.dll
0x00007fff20290000 - 0x00007fff20304000 	C:\WINDOWS\System32\WS2_32.dll
0x00007fff0fa20000 - 0x00007fff0fa2b000 	C:\WINDOWS\SYSTEM32\VERSION.dll
0x00007fff1dbd0000 - 0x00007fff1dbeb000 	C:\WINDOWS\SYSTEM32\kernel.appcore.dll
0x00007ffeeb6c0000 - 0x00007ffeeb6d0000 	C:\Users\Justxt\Downloads\openxava-studio-7-r4\studio\jre\bin\verify.dll
0x00007fff1bf50000 - 0x00007fff1c192000 	C:\WINDOWS\SYSTEM32\DBGHELP.DLL
0x00007fff217c0000 - 0x00007fff21b4b000 	C:\WINDOWS\System32\combase.dll
0x00007fff20090000 - 0x00007fff20167000 	C:\WINDOWS\System32\OLEAUT32.dll
0x00007ffefe0d0000 - 0x00007ffefe10c000 	C:\WINDOWS\SYSTEM32\dbgcore.DLL
0x00007fff1f080000 - 0x00007fff1f125000 	C:\WINDOWS\System32\bcryptPrimitives.dll
0x00007ffe1d910000 - 0x00007ffe1d938000 	C:\Users\Justxt\Downloads\openxava-studio-7-r4\studio\jre\bin\java.dll
0x00007ffee2840000 - 0x00007ffee284a000 	C:\Users\Justxt\Downloads\openxava-studio-7-r4\studio\jre\bin\jimage.dll
0x00007ffee2700000 - 0x00007ffee270e000 	C:\Users\Justxt\Downloads\openxava-studio-7-r4\studio\jre\bin\instrument.dll
0x00007ffe1bcf0000 - 0x00007ffe1bd07000 	C:\Users\Justxt\Downloads\openxava-studio-7-r4\studio\jre\bin\zip.dll
0x00007fff20e20000 - 0x00007fff21571000 	C:\WINDOWS\System32\SHELL32.dll
0x00007fff1f130000 - 0x00007fff1f29b000 	C:\WINDOWS\System32\wintypes.dll
0x00007fff1c910000 - 0x00007fff1d16d000 	C:\WINDOWS\SYSTEM32\windows.storage.dll
0x00007fff1ff90000 - 0x00007fff20082000 	C:\WINDOWS\System32\SHCORE.dll
0x00007fff21730000 - 0x00007fff21797000 	C:\WINDOWS\System32\shlwapi.dll
0x00007fff1ec10000 - 0x00007fff1ec39000 	C:\WINDOWS\SYSTEM32\profapi.dll
0x00007ffe1bcd0000 - 0x00007ffe1bce9000 	C:\Users\Justxt\Downloads\openxava-studio-7-r4\studio\jre\bin\net.dll
0x00007fff18b60000 - 0x00007fff18c88000 	C:\WINDOWS\SYSTEM32\WINHTTP.dll
0x00007fff1e140000 - 0x00007fff1e1ab000 	C:\WINDOWS\system32\mswsock.dll
0x00007ffe16250000 - 0x00007ffe16262000 	C:\Users\Justxt\Downloads\openxava-studio-7-r4\studio\jre\bin\nio.dll
0x00007fff1dcf0000 - 0x00007fff1dd26000 	C:\WINDOWS\SYSTEM32\ntmarta.dll
0x00007fff0e130000 - 0x00007fff0e139000 	C:\Users\Justxt\Downloads\openxava-studio-7-r4\studio\jre\bin\management.dll
0x00007fff0e120000 - 0x00007fff0e12b000 	C:\Users\Justxt\Downloads\openxava-studio-7-r4\studio\jre\bin\management_ext.dll
0x00007ffec8120000 - 0x00007ffec812e000 	C:\Users\Justxt\Downloads\openxava-studio-7-r4\studio\jre\bin\sunmscapi.dll
0x00007fff1eda0000 - 0x00007fff1ef17000 	C:\WINDOWS\System32\CRYPT32.dll
0x00007fff1e620000 - 0x00007fff1e650000 	C:\WINDOWS\SYSTEM32\ncrypt.dll
0x00007fff1e5d0000 - 0x00007fff1e60f000 	C:\WINDOWS\SYSTEM32\NTASN1.dll
0x00007ffe16120000 - 0x00007ffe16145000 	C:\Users\Justxt\Downloads\openxava-studio-7-r4\studio\jre\bin\sunec.dll
0x00007fff1e400000 - 0x00007fff1e41b000 	C:\WINDOWS\SYSTEM32\CRYPTSP.dll
0x00007fff1db30000 - 0x00007fff1db6a000 	C:\WINDOWS\system32\rsaenh.dll
0x00007fff1e1f0000 - 0x00007fff1e21b000 	C:\WINDOWS\SYSTEM32\USERENV.dll
0x00007fff1ebe0000 - 0x00007fff1ec0a000 	C:\WINDOWS\SYSTEM32\bcrypt.dll
0x00007fff1e420000 - 0x00007fff1e42c000 	C:\WINDOWS\SYSTEM32\CRYPTBASE.dll
0x00007fff1d680000 - 0x00007fff1d6b4000 	C:\WINDOWS\SYSTEM32\IPHLPAPI.DLL
0x00007fff217a0000 - 0x00007fff217aa000 	C:\WINDOWS\System32\NSI.dll
0x00007fff18e00000 - 0x00007fff18e1e000 	C:\WINDOWS\SYSTEM32\dhcpcsvc6.DLL
0x00007fff18d90000 - 0x00007fff18db3000 	C:\WINDOWS\SYSTEM32\dhcpcsvc.DLL
0x00007fff1d6c0000 - 0x00007fff1d7ec000 	C:\WINDOWS\SYSTEM32\DNSAPI.dll
0x00007fff18880000 - 0x00007fff1888b000 	C:\Windows\System32\rasadhlp.dll
0x00007fff19200000 - 0x00007fff19286000 	C:\WINDOWS\System32\fwpuclnt.dll
0x00007ffeed150000 - 0x00007ffeed168000 	C:\WINDOWS\system32\napinsp.dll
0x00007ffeed130000 - 0x00007ffeed142000 	C:\WINDOWS\System32\winrnr.dll
0x00007ffeed100000 - 0x00007ffeed122000 	C:\WINDOWS\system32\nlansp_c.dll
0x00007ffeebfd0000 - 0x00007ffeebfe6000 	C:\WINDOWS\system32\wshbth.dll

dbghelp: loaded successfully - version: 4.0.5 - missing functions: none
symbol engine: initialized successfully - sym options: 0x614 - pdb path: .;C:\Users\Justxt\Downloads\openxava-studio-7-r4\studio\jre\bin;C:\WINDOWS\SYSTEM32;C:\WINDOWS\WinSxS\amd64_microsoft.windows.common-controls_6595b64144ccf1df_6.0.26100.7019_none_3e06ffa0e335b8a8;C:\Users\Justxt\Downloads\openxava-studio-7-r4\studio\jre\bin\server

VM Arguments:
jvm_args: -Dfile.encoding=UTF-8 
java_command: com.yourcompany.facturation.run.facturation
java_class_path (initial): C:\Users\Justxt\Documents\OpenXava-Facturation\target\classes;C:\Users\Justxt\.m2\repository\org\openxava\openxava\7.6\openxava-7.6.jar;C:\Users\Justxt\.m2\repository\junit\junit\4.13.2\junit-4.13.2.jar;C:\Users\Justxt\.m2\repository\org\hamcrest\hamcrest-core\1.3\hamcrest-core-1.3.jar;C:\Users\Justxt\.m2\repository\javax\inject\javax.inject\1\javax.inject-1.jar;C:\Users\Justxt\.m2\repository\javax\ejb\ejb-api\3.0\ejb-api-3.0.jar;C:\Users\Justxt\.m2\repository\javax\persistence\javax.persistence-api\2.2\javax.persistence-api-2.2.jar;C:\Users\Justxt\.m2\repository\javax\validation\validation-api\2.0.1.Final\validation-api-2.0.1.Final.jar;C:\Users\Justxt\.m2\repository\org\apache\commons\commons-lang3\3.18.0\commons-lang3-3.18.0.jar;C:\Users\Justxt\.m2\repository\commons-io\commons-io\2.18.0\commons-io-2.18.0.jar;C:\Users\Justxt\.m2\repository\commons-logging\commons-logging\1.3.5\commons-logging-1.3.5.jar;C:\Users\Justxt\.m2\repository\commons-collections\commons-collections\3.2.2\commons-collections-3.2.2.jar;C:\Users\Justxt\.m2\repository\commons-validator\commons-validator\1.10.0\commons-validator-1.10.0.jar;C:\Users\Justxt\.m2\repository\commons-beanutils\commons-beanutils\1.11.0\commons-beanutils-1.11.0.jar;C:\Users\Justxt\.m2\repository\commons-digester\commons-digester\2.1\commons-digester-2.1.jar;C:\Users\Justxt\.m2\repository\commons-fileupload\commons-fileupload\1.6.0\commons-fileupload-1.6.0.jar;C:\Users\Justxt\.m2\repository\org\hibernate\hibernate-core\5.6.15.Final\hibernate-core-5.6.15.Final.jar;C:\Users\Justxt\.m2\repository\org\jboss\logging\jboss-logging\3.4.3.Final\jboss-logging-3.4.3.Final.jar;C:\Users\Justxt\.m2\repository\net\bytebuddy\byte-buddy\1.12.18\byte-buddy-1.12.18.jar;C:\Users\Justxt\.m2\repository\antlr\antlr\2.7.7\antlr-2.7.7.jar;C:\Users\Justxt\.m2\repository\org\jboss\spec\javax\transaction\jboss-transaction-api_1.2_spec\1.1.1.Final\jboss-transaction-api_1.2_spec-1.1.1.Final.jar;C:\Users\Justxt\.m2\reposi
Launcher Type: SUN_STANDARD

[Global flags]
     intx CICompilerCount                          = 15                                        {product} {ergonomic}
   size_t InitialHeapSize                          = 532676608                                 {product} {ergonomic}
   size_t MaxHeapSize                              = 8491368448                                {product} {ergonomic}
   size_t MaxNewSize                               = 2830434304                                {product} {ergonomic}
   size_t MinHeapDeltaBytes                        = 196608                                    {product} {ergonomic}
   size_t NewSize                                  = 177537024                                 {product} {ergonomic}
    uintx NonNMethodCodeHeapSize                   = 8182140                                {pd product} {ergonomic}
    uintx NonProfiledCodeHeapSize                  = 121738050                              {pd product} {ergonomic}
   size_t OldSize                                  = 355139584                                 {product} {ergonomic}
    uintx ProfiledCodeHeapSize                     = 121738050                              {pd product} {ergonomic}
    uintx ReservedCodeCacheSize                    = 251658240                              {pd product} {ergonomic}
     bool SegmentedCodeCache                       = true                                      {product} {ergonomic}
     bool UseCompressedClassPointers               = true                                 {lp64_product} {ergonomic}
     bool UseCompressedOops                        = true                                 {lp64_product} {ergonomic}
     bool UseLargePagesIndividualAllocation        = false                                  {pd product} {ergonomic}
     bool UseSerialGC                              = true                                      {product} {ergonomic}

Logging:
Log output configuration:
 #0: stdout all=warning uptime,level,tags
 #1: stderr all=off uptime,level,tags

Environment Variables:
PATH=C:/Users/Justxt/Downloads/openxava-studio-7-r4//studio/jre/bin/server;C:/Users/Justxt/Downloads/openxava-studio-7-r4//studio/jre/bin;C:\WINDOWS\system32;C:\WINDOWS;C:\WINDOWS\System32\Wbem;C:\WINDOWS\System32\WindowsPowerShell\v1.0\;C:\WINDOWS\System32\OpenSSH\;C:\Program Files\Git\cmd;c:\Users\josti\AppData\Local\Programs\cursor\resources\app\bin;C:\Program Files (x86)\NVIDIA Corporation\PhysX\Common;C:\Program Files\NVIDIA Corporation\NVIDIA app\NvDLISR;C:\Program Files\dotnet\;c:\Users\Justxt\AppData\Local\Programs\cursor\resources\app\bin;C:\Program Files\nodejs\;C:\Program Files\Docker\Docker\resources\bin;c:\Users\Justxt\AppData\Local\Programs\cursor\resources\app\codeBin;C:\Users\Justxt\AppData\Local\Microsoft\WindowsApps;C:\Users\Justxt\AppData\Local\Programs\cursor\resources\app\bin;C:\Users\Justxt\AppData\Roaming\npm;C:\Users\Justxt\AppData\Local\Programs\Microsoft VS Code\bin;C:\Users\Justxt\AppData\Local\Programs\Windsurf\bin;C:\Users\Justxt\AppData\Local\PowerToys\;C:\Users\Justxt\Downloads\openxava-studio-7-r4;
USERNAME=Justxt
OS=Windows_NT
PROCESSOR_IDENTIFIER=Intel64 Family 6 Model 183 Stepping 1, GenuineIntel



---------------  S Y S T E M  ---------------

OS: Windows 10 , 64 bit Build 26100 (10.0.26100.7019)
OS uptime: 0 days 7:36 hours
HyperV virtualization detected

CPU:total 32 (initial active 32) (16 cores per cpu, 2 threads per core) family 6 model 183 stepping 1, cmov, cx8, fxsr, mmx, sse, sse2, sse3, ssse3, sse4.1, sse4.2, popcnt, avx, avx2, aes, clmul, erms, 3dnowpref, lzcnt, ht, tsc, tscinvbit, bmi1, bmi2, adx, sha, fma

Memory: 4k page, system-wide physical 32386M (14230M free)
TotalPageFile size 34434M (AvailPageFile size 7139M)
current process WorkingSet (physical memory assigned to process): 428M, peak: 484M
current process commit charge ("private bytes"): 734M, peak: 793M

vm_info: Dynamic Code Evolution 64-Bit Server VM (11.0.8+1-202007270708) for windows-amd64 JRE (11.0.8+1-202007270708), built on Jul 27 2020 07:33:35 by "travis" with MS VC++ 15.9 (VS2017)

END.
